androidprocesscommunicationdemo/build/outputs/logs/manifest-merger-debug-report.txt
-- Merging decision tree log ---
manifest
ADDED from src\main\AndroidManifest.xml:2:1-17:12
INJECTED from src\main\AndroidManifest.xml:2:1-17:12
INJECTED from src\main\AndroidManifest.xml:2:1-17:12
INJECTED from src\main\AndroidManifest.xml:2:1-17:12
INJECTED from src\main\AndroidManifest.xml:2:1-17:12
INJECTED from src\main\AndroidManifest.xml:2:1-17:12
INJECTED from src\main\AndroidManifest.xml:2:1-17:12
	package
		ADDED from src\main\AndroidManifest.xml:3:5-58
		INJECTED from src\main\AndroidManifest.xml
		INJECTED from src\main\AndroidManifest.xml
	android:versionName
		INJECTED from src\main\AndroidManifest.xml
		ADDED from src\main\AndroidManifest.xml:2:1-17:12
		INJECTED from src\main\AndroidManifest.xml
	android:versionCode
		INJECTED from src\main\AndroidManifest.xml
		ADDED from src\main\AndroidManifest.xml:2:1-17:12
		INJECTED from src\main\AndroidManifest.xml
	xmlns:android
		ADDED from src\main\AndroidManifest.xml:2:11-69
application
ADDED from src\main\AndroidManifest.xml:5:5-15:19
activity#cn.hz.iving.androidprocesscommunicationdemo.MainProcessActivity
ADDED from src\main\AndroidManifest.xml:6:9-9:59
	android:label
		ADDED from src\main\AndroidManifest.xml:8:13-64
	android:theme
		ADDED from src\main\AndroidManifest.xml:9:13-56
	android:name
		ADDED from src\main\AndroidManifest.xml:7:13-48
activity#cn.hz.iving.androidprocesscommunicationdemo.ShangHaiActivity
ADDED from src\main\AndroidManifest.xml:10:9-14:68
	android:process
		ADDED from src\main\AndroidManifest.xml:11:13-39
	android:label
		ADDED from src\main\AndroidManifest.xml:13:13-61
	android:theme
		ADDED from src\main\AndroidManifest.xml:14:13-56
	android:name
		ADDED from src\main\AndroidManifest.xml:12:13-45
uses-sdk
INJECTED from src\main\AndroidManifest.xml reason: use-sdk injection requested
INJECTED from src\main\AndroidManifest.xml
INJECTED from src\main\AndroidManifest.xml
INJECTED from src\main\AndroidManifest.xml
INJECTED from src\main\AndroidManifest.xml
	android:targetSdkVersion
		INJECTED from src\main\AndroidManifest.xml
		ADDED from src\main\AndroidManifest.xml
		INJECTED from src\main\AndroidManifest.xml
	android:minSdkVersion
		INJECTED from src\main\AndroidManifest.xml
		ADDED from src\main\AndroidManifest.xml
		INJECTED from src\main\AndroidManifest.xml